
> @aligrid/web@0.1.0 build D:\Dev Game\AliGrid\apps\web
> tsc && vite build

X [ERROR] "vite-tsconfig-paths" resolved to an ESM file. ESM file cannot be loaded by `require`. See https://vite.dev/guide/troubleshooting.html#this-package-is-esm-only for more details. [plugin externalize-deps]

    vite.config.ts:4:26:
      4 Γöé import tsconfigPaths from 'vite-tsconfig-paths';
        Γò╡                           ~~~~~~~~~~~~~~~~~~~~~

failed to load config from D:\Dev Game\AliGrid\apps\web\vite.config.ts
error during build:
Error: Build failed with 1 error:
vite.config.ts:4:26: ERROR: [plugin: externalize-deps] "vite-tsconfig-paths" resolved to an ESM file. ESM file cannot be loaded by `require`. See https://vite.dev/guide/troubleshooting.html#this-package-is-esm-only for more details.
    at failureErrorWithLog (D:\Dev Game\AliGrid\node_modules\.pnpm\esbuild@0.21.5\node_modules\esbuild\lib\main.js:1472:15)
    at D:\Dev Game\AliGrid\node_modules\.pnpm\esbuild@0.21.5\node_modules\esbuild\lib\main.js:945:25
    at runOnEndCallbacks (D:\Dev Game\AliGrid\node_modules\.pnpm\esbuild@0.21.5\node_modules\esbuild\lib\main.js:1315:45)
    at buildResponseToResult (D:\Dev Game\AliGrid\node_modules\.pnpm\esbuild@0.21.5\node_modules\esbuild\lib\main.js:943:7)
    at D:\Dev Game\AliGrid\node_modules\.pnpm\esbuild@0.21.5\node_modules\esbuild\lib\main.js:970:16
    at responseCallbacks.<computed> (D:\Dev Game\AliGrid\node_modules\.pnpm\esbuild@0.21.5\node_modules\esbuild\lib\main.js:622:9)
    at handleIncomingPacket (D:\Dev Game\AliGrid\node_modules\.pnpm\esbuild@0.21.5\node_modules\esbuild\lib\main.js:677:12)
    at Socket.readFromStdout (D:\Dev Game\AliGrid\node_modules\.pnpm\esbuild@0.21.5\node_modules\esbuild\lib\main.js:600:7)
    at Socket.emit (node:events:518:28)
    at addChunk (node:internal/streams/readable:561:12)
ΓÇëERR_PNPM_RECURSIVE_RUN_FIRST_FAILΓÇë @aligrid/web@0.1.0 build: `tsc && vite build`
Exit status 1
